2021-10-20 21:51:15 [INFO ] c.p.r.NativeLoader:64 - ********************************
2021-10-20 21:51:15 [INFO ] c.p.r.NativeLoader:65 - Native library search paths: 
2021-10-20 21:51:15 [INFO ] c.p.r.NativeLoader:948 - C:\Users\super\AppData\Roaming\PVS-Studio-Java\7.15.53134
2021-10-20 21:51:15 [INFO ] c.p.r.NativeLoader:948 - .
2021-10-20 21:51:15 [INFO ] c.p.r.NativeLoader:948 - C:\Users\super\AppData\Roaming\PVS-Studio-Java\7.15.53134\..
2021-10-20 21:51:15 [INFO ] c.p.r.NativeLoader:948 - C:\Users\super\AppData\Roaming\PVS-Studio-Java\7.15.53134\..\..
2021-10-20 21:51:15 [INFO ] c.p.r.NativeLoader:948 - C:\Users\super\AppData\Roaming\PVS-Studio-Java\7.15.53134\..\..\build
2021-10-20 21:51:15 [INFO ] c.p.r.NativeLoader:67 - Additional path: native/win
2021-10-20 21:51:15 [INFO ] c.p.r.NativeLoader:76 - Native library found: C:\Users\super\AppData\Roaming\PVS-Studio-Java\7.15.53134\native\win\analysis-core.dll
2021-10-20 21:51:15 [INFO ] c.p.r.NativeLoader:77 - ********************************
2021-10-20 21:51:15 [INFO ] c.p.r.NativeLoader:64 - ********************************
2021-10-20 21:51:15 [INFO ] c.p.r.NativeLoader:65 - Native library search paths: 
2021-10-20 21:51:15 [INFO ] c.p.r.NativeLoader:948 - C:\Users\super\AppData\Roaming\PVS-Studio-Java\7.15.53134
2021-10-20 21:51:15 [INFO ] c.p.r.NativeLoader:948 - .
2021-10-20 21:51:15 [INFO ] c.p.r.NativeLoader:948 - C:\Users\super\AppData\Roaming\PVS-Studio-Java\7.15.53134\..
2021-10-20 21:51:15 [INFO ] c.p.r.NativeLoader:948 - C:\Users\super\AppData\Roaming\PVS-Studio-Java\7.15.53134\..\..
2021-10-20 21:51:15 [INFO ] c.p.r.NativeLoader:948 - C:\Users\super\AppData\Roaming\PVS-Studio-Java\7.15.53134\..\..\build
2021-10-20 21:51:15 [INFO ] c.p.r.NativeLoader:67 - Additional path: native/win
2021-10-20 21:51:15 [INFO ] c.p.r.NativeLoader:76 - Native library found: C:\Users\super\AppData\Roaming\PVS-Studio-Java\7.15.53134\native\win\analysis-core.dll
2021-10-20 21:51:15 [INFO ] c.p.r.NativeLoader:77 - ********************************
